0 info it worked if it ends with ok
1 verbose cli [ '/Users/joaofigueiredo/.nvm/versions/node/v7.1.0/bin/node',
1 verbose cli   '/Users/joaofigueiredo/.nvm/versions/node/v7.1.0/bin/npm',
1 verbose cli   'start' ]
2 info using npm@3.10.9
3 info using node@v7.1.0
4 verbose run-script [ 'prestart', 'start', 'poststart' ]
5 info lifecycle project-name@0.0.0~prestart: project-name@0.0.0
6 silly lifecycle project-name@0.0.0~prestart: no script for prestart, continuing
7 info lifecycle project-name@0.0.0~start: project-name@0.0.0
8 verbose lifecycle project-name@0.0.0~start: unsafe-perm in lifecycle true
9 verbose lifecycle project-name@0.0.0~start: PATH: /Users/joaofigueiredo/.nvm/versions/node/v7.1.0/lib/node_modules/npm/bin/node-gyp-bin:/Users/joaofigueiredo/code/ginetta/skeleton/node_modules/.bin:/Users/joaofigueiredo/.nvm/versions/node/v7.1.0/bin:/Users/joaofigueiredo/.sdkman/candidates/gradle/current/bin:/usr/local/sbin:/Users/joaofigueiredo/.rbenv/shims:/usr/local/opt/coreutils/libexec/gnubin:/opt/puppetlabs/bin:/usr/local/bin:/usr/bin:/bin:/usr/sbin:/sbin
10 verbose lifecycle project-name@0.0.0~start: CWD: /Users/joaofigueiredo/code/ginetta/skeleton
11 silly lifecycle project-name@0.0.0~start: Args: [ '-c', 'gulp' ]
12 silly lifecycle project-name@0.0.0~start: Returned: code: 1  signal: null
13 info lifecycle project-name@0.0.0~start: Failed to exec start script
14 verbose stack Error: project-name@0.0.0 start: `gulp`
14 verbose stack Exit status 1
14 verbose stack     at EventEmitter.<anonymous> (/Users/joaofigueiredo/.nvm/versions/node/v7.1.0/lib/node_modules/npm/lib/utils/lifecycle.js:255:16)
14 verbose stack     at emitTwo (events.js:106:13)
14 verbose stack     at EventEmitter.emit (events.js:191:7)
14 verbose stack     at ChildProcess.<anonymous> (/Users/joaofigueiredo/.nvm/versions/node/v7.1.0/lib/node_modules/npm/lib/utils/spawn.js:40:14)
14 verbose stack     at emitTwo (events.js:106:13)
14 verbose stack     at ChildProcess.emit (events.js:191:7)
14 verbose stack     at maybeClose (internal/child_process.js:885:16)
14 verbose stack     at Process.ChildProcess._handle.onexit (internal/child_process.js:226:5)
15 verbose pkgid project-name@0.0.0
16 verbose cwd /Users/joaofigueiredo/code/ginetta/skeleton/src
17 error Darwin 16.1.0
18 error argv "/Users/joaofigueiredo/.nvm/versions/node/v7.1.0/bin/node" "/Users/joaofigueiredo/.nvm/versions/node/v7.1.0/bin/npm" "start"
19 error node v7.1.0
20 error npm  v3.10.9
21 error code ELIFECYCLE
22 error project-name@0.0.0 start: `gulp`
22 error Exit status 1
23 error Failed at the project-name@0.0.0 start script 'gulp'.
23 error Make sure you have the latest version of node.js and npm installed.
23 error If you do, this is most likely a problem with the project-name package,
23 error not with npm itself.
23 error Tell the author that this fails on your system:
23 error     gulp
23 error You can get information on how to open an issue for this project with:
23 error     npm bugs project-name
23 error Or if that isn't available, you can get their info via:
23 error     npm owner ls project-name
23 error There is likely additional logging output above.
24 verbose exit [ 1, true ]
